<?xml version="1.0" encoding="UTF-8"?>
<!-- Generated by org.testng.reporters.JUnitReportReporter -->
<testsuite hostname="MNCTVN05589" name="logallure.PostUser" tests="1" failures="0" timestamp="31 Oct 2020 08:45:53 GMT" time="8.084" errors="0">
  <testcase name="bodyTest" time="8.084" classname="logallure.PostUser"/>
</testsuite> <!-- logallure.PostUser -->
